<?xml version="1.0" encoding="UTF-8"?>
<testng-results ignored="0" total="1" passed="1" failed="0" skipped="0">
  <reporter-output>
  </reporter-output>
  <suite started-at="2025-02-08T11:19:27 IST" name="org.test.WebpageTest" finished-at="2025-02-08T11:19:37 IST" duration-ms="9616">
    <groups>
    </groups>
    <test started-at="2025-02-08T11:19:27 IST" name="Command line test" finished-at="2025-02-08T11:19:37 IST" duration-ms="9616">
      <class name="org.test.WebpageTest">
        <test-method is-config="true" signature="openBrowser()[pri:0, instance:org.test.WebpageTest@64c87930]" started-at="2025-02-08T11:19:27 IST" name="openBrowser" finished-at="2025-02-08T11:19:35 IST" duration-ms="8102" status="PASS">
          <reporter-output>
          </reporter-output>
        </test-method> <!-- openBrowser -->
        <test-method signature="titleValidationTest()[pri:0, instance:org.test.WebpageTest@64c87930]" started-at="2025-02-08T11:19:35 IST" name="titleValidationTest" finished-at="2025-02-08T11:19:35 IST" duration-ms="12" status="PASS">
          <reporter-output>
          </reporter-output>
        </test-method> <!-- titleValidationTest -->
        <test-method is-config="true" signature="closeBrowser()[pri:0, instance:org.test.WebpageTest@64c87930]" started-at="2025-02-08T11:19:35 IST" name="closeBrowser" finished-at="2025-02-08T11:19:37 IST" duration-ms="1454" status="PASS">
          <reporter-output>
          </reporter-output>
        </test-method> <!-- closeBrowser -->
      </class> <!-- org.test.WebpageTest -->
    </test> <!-- Command line test -->
  </suite> <!-- org.test.WebpageTest -->
</testng-results>
